<?xml version="1.0" encoding="UTF-8"?>
<testng-results ignored="0" total="6" passed="5" failed="1" skipped="0">
  <reporter-output>
  </reporter-output>
  <suite started-at="2024-03-09T11:04:16 IST" name="TestNGRunner1" finished-at="2024-03-09T11:04:44 IST" duration-ms="27954">
    <groups>
    </groups>
    <test started-at="2024-03-09T11:04:16 IST" name="TestCycle-1" finished-at="2024-03-09T11:04:28 IST" duration-ms="11301">
      <class name="test.LoginPageTest">
        <test-method signature="start_browser()[pri:49, instance:test.LoginPageTest@2cd76f31]" started-at="2024-03-09T11:04:16 IST" name="start_browser" finished-at="2024-03-09T11:04:20 IST" duration-ms="4192" status="PASS">
          <reporter-output>
          </reporter-output>
        </test-method> <!-- start_browser -->
        <test-method signature="user_login()[pri:50, instance:test.LoginPageTest@2cd76f31]" started-at="2024-03-09T11:04:20 IST" name="user_login" finished-at="2024-03-09T11:04:26 IST" duration-ms="5835" status="PASS">
          <reporter-output>
          </reporter-output>
        </test-method> <!-- user_login -->
        <test-method is-config="true" signature="closebroser()[pri:0, instance:test.LoginPageTest@2cd76f31]" started-at="2024-03-09T11:04:26 IST" name="closebroser" finished-at="2024-03-09T11:04:28 IST" duration-ms="1151" status="PASS">
          <reporter-output>
          </reporter-output>
        </test-method> <!-- closebroser -->
      </class> <!-- test.LoginPageTest -->
    </test> <!-- TestCycle-1 -->
    <test started-at="2024-03-09T11:04:28 IST" name="TestCycle-2" finished-at="2024-03-09T11:04:33 IST" duration-ms="5600">
      <class name="utilities.MyListerner">
        <test-method is-config="true" signature="OpenBrowser()[pri:0, instance:utilities.MyListerner@5f8edcc5]" started-at="2024-03-09T11:04:28 IST" name="OpenBrowser" finished-at="2024-03-09T11:04:29 IST" duration-ms="1302" status="PASS">
          <reporter-output>
          </reporter-output>
        </test-method> <!-- OpenBrowser -->
        <test-method signature="Testmethod()[pri:49, instance:utilities.MyListerner@5f8edcc5]" started-at="2024-03-09T11:04:29 IST" name="Testmethod" finished-at="2024-03-09T11:04:30 IST" duration-ms="1257" status="FAIL">
          <exception class="java.lang.AssertionError">
            <message>
              <![CDATA[expected [true] but found [false]]]>
            </message>
            <full-stacktrace>
              <![CDATA[java.lang.AssertionError: expected [true] but found [false]
at org.testng.Assert.fail(Assert.java:110)
at org.testng.Assert.failNotEquals(Assert.java:1577)
at org.testng.Assert.assertTrue(Assert.java:56)
at org.testng.Assert.assertTrue(Assert.java:66)
at utilities.MyListerner.Testmethod(MyListerner.java:41)
at java.base/jdk.internal.reflect.NativeMethodAccessorImpl.invoke0(Native Method)
at java.base/jdk.internal.reflect.NativeMethodAccessorImpl.invoke(NativeMethodAccessorImpl.java:77)
at java.base/jdk.internal.reflect.DelegatingMethodAccessorImpl.invoke(DelegatingMethodAccessorImpl.java:43)
at java.base/java.lang.reflect.Method.invoke(Method.java:568)
at org.testng.internal.invokers.MethodInvocationHelper.invokeMethod(MethodInvocationHelper.java:139)
at org.testng.internal.invokers.TestInvoker.invokeMethod(TestInvoker.java:677)
at org.testng.internal.invokers.TestInvoker.invokeTestMethod(TestInvoker.java:221)
at org.testng.internal.invokers.MethodRunner.runInSequence(MethodRunner.java:50)
at org.testng.internal.invokers.TestInvoker$MethodInvocationAgent.invoke(TestInvoker.java:969)
at org.testng.internal.invokers.TestInvoker.invokeTestMethods(TestInvoker.java:194)
at org.testng.internal.invokers.TestMethodWorker.invokeTestMethods(TestMethodWorker.java:148)
at org.testng.internal.invokers.TestMethodWorker.run(TestMethodWorker.java:128)
at java.base/java.util.ArrayList.forEach(ArrayList.java:1511)
at org.testng.TestRunner.privateRun(TestRunner.java:829)
at org.testng.TestRunner.run(TestRunner.java:602)
at org.testng.SuiteRunner.runTest(SuiteRunner.java:437)
at org.testng.SuiteRunner.runSequentially(SuiteRunner.java:431)
at org.testng.SuiteRunner.privateRun(SuiteRunner.java:391)
at org.testng.SuiteRunner.run(SuiteRunner.java:330)
at org.testng.SuiteRunnerWorker.runSuite(SuiteRunnerWorker.java:52)
at org.testng.SuiteRunnerWorker.run(SuiteRunnerWorker.java:95)
at org.testng.TestNG.runSuitesSequentially(TestNG.java:1256)
at org.testng.TestNG.runSuitesLocally(TestNG.java:1176)
at org.testng.TestNG.runSuites(TestNG.java:1099)
at org.testng.TestNG.run(TestNG.java:1067)
at org.testng.remote.AbstractRemoteTestNG.run(AbstractRemoteTestNG.java:115)
at org.testng.remote.RemoteTestNG.initAndRun(RemoteTestNG.java:251)
at org.testng.remote.RemoteTestNG.main(RemoteTestNG.java:77)
]]>
            </full-stacktrace>
          </exception> <!-- java.lang.AssertionError -->
          <reporter-output>
          </reporter-output>
        </test-method> <!-- Testmethod -->
        <test-method is-config="true" signature="Closebrowser()[pri:0, instance:utilities.MyListerner@5f8edcc5]" started-at="2024-03-09T11:04:31 IST" name="Closebrowser" finished-at="2024-03-09T11:04:33 IST" duration-ms="2618" status="PASS">
          <reporter-output>
          </reporter-output>
        </test-method> <!-- Closebrowser -->
      </class> <!-- utilities.MyListerner -->
    </test> <!-- TestCycle-2 -->
    <test started-at="2024-03-09T11:04:33 IST" name="TestCycle-3" finished-at="2024-03-09T11:04:44 IST" duration-ms="10966">
      <class name="utilities.Excelutilites">
        <test-method is-config="true" signature="OpenBrowser()[pri:0, instance:utilities.Excelutilites@484970b0]" started-at="2024-03-09T11:04:33 IST" name="OpenBrowser" finished-at="2024-03-09T11:04:36 IST" duration-ms="2392" status="PASS">
          <reporter-output>
          </reporter-output>
        </test-method> <!-- OpenBrowser -->
        <test-method signature="register_user(java.lang.String,java.lang.String)[pri:0, instance:utilities.Excelutilites@484970b0]" started-at="2024-03-09T11:04:36 IST" name="register_user" data-provider="testdata" finished-at="2024-03-09T11:04:39 IST" duration-ms="3596" status="PASS">
          <params>
            <param index="0">
              <value>
                <![CDATA[mercury]]>
              </value>
            </param>
            <param index="1">
              <value>
                <![CDATA[murcury1234]]>
              </value>
            </param>
          </params>
          <reporter-output>
          </reporter-output>
        </test-method> <!-- register_user -->
        <test-method signature="register_user(java.lang.String,java.lang.String)[pri:0, instance:utilities.Excelutilites@484970b0]" started-at="2024-03-09T11:04:39 IST" name="register_user" data-provider="testdata" finished-at="2024-03-09T11:04:42 IST" duration-ms="2902" status="PASS">
          <params>
            <param index="0">
              <value>
                <![CDATA[Itest@test.com]]>
              </value>
            </param>
            <param index="1">
              <value>
                <![CDATA[Itest@test]]>
              </value>
            </param>
          </params>
          <reporter-output>
          </reporter-output>
        </test-method> <!-- register_user -->
        <test-method signature="register_user(java.lang.String,java.lang.String)[pri:0, instance:utilities.Excelutilites@484970b0]" started-at="2024-03-09T11:04:42 IST" name="register_user" data-provider="testdata" finished-at="2024-03-09T11:04:44 IST" duration-ms="1828" status="PASS">
          <params>
            <param index="0">
              <value>
                <![CDATA[admin]]>
              </value>
            </param>
            <param index="1">
              <value>
                <![CDATA[admin]]>
              </value>
            </param>
          </params>
          <reporter-output>
          </reporter-output>
        </test-method> <!-- register_user -->
        <test-method is-config="true" signature="CloseBrowser()[pri:0, instance:utilities.Excelutilites@484970b0]" started-at="2024-03-09T11:04:44 IST" name="CloseBrowser" finished-at="2024-03-09T11:04:44 IST" duration-ms="92" status="PASS">
          <reporter-output>
          </reporter-output>
        </test-method> <!-- CloseBrowser -->
      </class> <!-- utilities.Excelutilites -->
    </test> <!-- TestCycle-3 -->
  </suite> <!-- TestNGRunner1 -->
</testng-results>
